[33mcommit 8b23ea0381c5e1ace67a3700dffb1e748f3afa1b[m
Author: ls <indians4german@gmail.com>
Date:   Wed Jan 11 13:25:44 2017 +0530

    able to get photo id in ajax

[33mcommit fbb96e0b132db894c8ce697fffda59cd4c31fef1[m
Author: ls <indians4german@gmail.com>
Date:   Wed Jan 11 12:29:26 2017 +0530

    before adding delete functionality

[33mcommit 81315fa780b161421b4dec56710f7e214d70275e[m
Author: ls <indians4german@gmail.com>
Date:   Wed Jan 11 11:05:58 2017 +0530

    image with hover

[33mcommit f9850f717fe4d3725e100dc956932dec497b4e4a[m
Author: ls <indians4german@gmail.com>
Date:   Tue Jan 10 18:32:30 2017 +0530

    cloduinary crud

[33mcommit d4b8566bfb32c887f103e64394e1c60cb18d62fc[m
Author: ls <indians4german@gmail.com>
Date:   Tue Jan 10 17:56:09 2017 +0530

    before adding multipart form

[33mcommit 6b903b44fc291b168863f85d9b08e79d433fe9d6[m
Author: ls <indians4german@gmail.com>
Date:   Tue Jan 10 13:47:37 2017 +0530

    href=/showform

[33mcommit e2af713ba7c9936f18703453664a7df0ade5d640[m
Author: ls <indians4german@gmail.com>
Date:   Tue Jan 10 13:34:58 2017 +0530

    addpicture 3d button

[33mcommit eaae99cff7c3ee85f43e199eb3c044a6446ed151[m
Author: ls <indians4german@gmail.com>
Date:   Tue Jan 10 13:11:27 2017 +0530

    mongoose crud

[33mcommit 787e48bd047510a9f5728b5fe9233eb3e0d687fb[m
Author: ls <indians4german@gmail.com>
Date:   Tue Jan 10 10:57:40 2017 +0530

    css added

[33mcommit bf31ff3d8d810377e0139f170843d01f33a45285[m
Author: ls <indians4german@gmail.com>
Date:   Mon Jan 9 19:14:44 2017 +0530

    ejs working

[33mcommit e55d0c92cc21275bc503e65366ac0894b5355fd6[m
Author: ls <indians4german@gmail.com>
Date:   Mon Jan 9 15:19:25 2017 +0530

     post added

[33mcommit 87b43467286d29b8a0acda72b4729f46fca244d4[m
Author: ls <indians4german@gmail.com>
Date:   Mon Jan 9 11:21:56 2017 +0530

    bcrypt hash in model

[33mcommit 68abfd2aa6a2df2a4a808e436472aaf7518bb298[m
Author: ls <indians4german@gmail.com>
Date:   Mon Jan 9 09:58:35 2017 +0530

    Able to read

[33mcommit 2e96541386ec2620f2e2c01ebf79a85029d44b89[m
Author: ls <indians4german@gmail.com>
Date:   Mon Jan 9 09:46:20 2017 +0530

    mlab connection established

[33mcommit a646f248c6448c9d63e4c852cb8a00704e803230[m
Author: ls <indians4german@gmail.com>
Date:   Sat Jan 7 14:20:01 2017 +0530

    style.ss added
